0 info it worked if it ends with ok
1 verbose cli [ '/home/ubuntu/.nvm/v0.10.35/bin/node',
1 verbose cli   '/home/ubuntu/.nvm/v0.10.35/bin/npm',
1 verbose cli   'cache',
1 verbose cli   'clean',
1 verbose cli   '-f' ]
2 info using npm@1.4.28
3 info using node@v0.10.35
4 warn using --force I sure hope you know what you are doing.
5 error Error: EACCES, unlink '/home/ubuntu/.npm/Base64/0.2.1'
5 error  { [Error: EACCES, unlink '/home/ubuntu/.npm/Base64/0.2.1']
5 error   errno: 3,
5 error   code: 'EACCES',
5 error   path: '/home/ubuntu/.npm/Base64/0.2.1' }
6 error Please try running this command again as root/Administrator.
7 error System Linux 3.14.13-c9
8 error command "/home/ubuntu/.nvm/v0.10.35/bin/node" "/home/ubuntu/.nvm/v0.10.35/bin/npm" "cache" "clean" "-f"
9 error cwd /home/ubuntu/workspace
10 error node -v v0.10.35
11 error npm -v 1.4.28
12 error path /home/ubuntu/.npm/Base64/0.2.1
13 error code EACCES
14 error errno 3
15 error stack Error: EACCES, unlink '/home/ubuntu/.npm/Base64/0.2.1'
16 verbose exit [ 3, true ]
